Apr 12, 2017 1:15:56 PM org.apache.catalina.startup.ClassLoaderFactory validateFile
WARNUNG: Problem with directory [/usr/share/tomcat7/common/classes], exists: [false], isDirectory: [false], canRead: [false]
Apr 12, 2017 1:15:56 PM org.apache.catalina.startup.ClassLoaderFactory validateFile
WARNUNG: Problem with directory [/usr/share/tomcat7/common], exists: [false], isDirectory: [false], canRead: [false]
Apr 12, 2017 1:15:56 PM org.apache.catalina.startup.ClassLoaderFactory validateFile
WARNUNG: Problem with directory [/usr/share/tomcat7/server/classes], exists: [false], isDirectory: [false], canRead: [false]
Apr 12, 2017 1:15:56 PM org.apache.catalina.startup.ClassLoaderFactory validateFile
WARNUNG: Problem with directory [/usr/share/tomcat7/server], exists: [false], isDirectory: [false], canRead: [false]
Apr 12, 2017 1:15:56 PM org.apache.catalina.startup.ClassLoaderFactory validateFile
WARNUNG: Problem with directory [/usr/share/tomcat7/shared/classes], exists: [false], isDirectory: [false], canRead: [false]
Apr 12, 2017 1:15:56 PM org.apache.catalina.startup.ClassLoaderFactory validateFile
WARNUNG: Problem with directory [/usr/share/tomcat7/shared], exists: [false], isDirectory: [false], canRead: [false]
Apr 12, 2017 1:15:56 PM org.apache.catalina.startup.VersionLoggerListener log
INFORMATION: Server version:        Apache Tomcat/7.0.68 (Ubuntu)
Apr 12, 2017 1:15:56 PM org.apache.catalina.startup.VersionLoggerListener log
INFORMATION: Server built:          Jun 27 2016 18:13:17 UTC
Apr 12, 2017 1:15:56 PM org.apache.catalina.startup.VersionLoggerListener log
INFORMATION: Server number:         7.0.68.0
Apr 12, 2017 1:15:56 PM org.apache.catalina.startup.VersionLoggerListener log
INFORMATION: OS Name:               Linux
Apr 12, 2017 1:15:56 PM org.apache.catalina.startup.VersionLoggerListener log
INFORMATION: OS Version:            4.4.0-72-generic
Apr 12, 2017 1:15:56 PM org.apache.catalina.startup.VersionLoggerListener log
INFORMATION: Architecture:          amd64
Apr 12, 2017 1:15:56 PM org.apache.catalina.startup.VersionLoggerListener log
INFORMATION: Java Home:             /usr/lib/jvm/java-8-oracle/jre
Apr 12, 2017 1:15:56 PM org.apache.catalina.startup.VersionLoggerListener log
INFORMATION: JVM Version:           1.8.0_121-b13
Apr 12, 2017 1:15:56 PM org.apache.catalina.startup.VersionLoggerListener log
INFORMATION: JVM Vendor:            Oracle Corporation
Apr 12, 2017 1:15:56 PM org.apache.catalina.startup.VersionLoggerListener log
INFORMATION: CATALINA_BASE:         /home/05/46803/Dokumente/kbe/uebung1
Apr 12, 2017 1:15:56 PM org.apache.catalina.startup.VersionLoggerListener log
INFORMATION: CATALINA_HOME:         /usr/share/tomcat7
Apr 12, 2017 1:15:56 PM org.apache.catalina.startup.VersionLoggerListener log
INFORMATION: Command line argument: -Djava.util.logging.config.file=/home/05/46803/Dokumente/kbe/uebung1/conf/logging.properties
Apr 12, 2017 1:15:56 PM org.apache.catalina.startup.VersionLoggerListener log
INFORMATION: Command line argument: -Djava.util.logging.manager=org.apache.juli.ClassLoaderLogManager
Apr 12, 2017 1:15:56 PM org.apache.catalina.startup.VersionLoggerListener log
INFORMATION: Command line argument: -Djava.awt.headless=true
Apr 12, 2017 1:15:56 PM org.apache.catalina.startup.VersionLoggerListener log
INFORMATION: Command line argument: -Xmx128M
Apr 12, 2017 1:15:56 PM org.apache.catalina.startup.VersionLoggerListener log
INFORMATION: Command line argument: -Djava.endorsed.dirs=/usr/share/tomcat7/endorsed
Apr 12, 2017 1:15:56 PM org.apache.catalina.startup.VersionLoggerListener log
INFORMATION: Command line argument: -Dcatalina.base=/home/05/46803/Dokumente/kbe/uebung1
Apr 12, 2017 1:15:56 PM org.apache.catalina.startup.VersionLoggerListener log
INFORMATION: Command line argument: -Dcatalina.home=/usr/share/tomcat7
Apr 12, 2017 1:15:56 PM org.apache.catalina.startup.VersionLoggerListener log
INFORMATION: Command line argument: -Djava.io.tmpdir=/home/05/46803/Dokumente/kbe/uebung1/temp
Apr 12, 2017 1:15:56 PM org.apache.coyote.AbstractProtocol init
INFORMATION: Initializing ProtocolHandler ["http-bio-8080"]
Apr 12, 2017 1:15:56 PM org.apache.catalina.startup.Catalina load
INFORMATION: Initialization processed in 282 ms
Apr 12, 2017 1:15:56 PM org.apache.catalina.core.StandardService startInternal
INFORMATION: Starting service Catalina
Apr 12, 2017 1:15:56 PM org.apache.catalina.core.StandardEngine startInternal
INFORMATION: Starting Servlet Engine: Apache Tomcat/7.0.68 (Ubuntu)
Apr 12, 2017 1:15:56 PM org.apache.coyote.AbstractProtocol start
INFORMATION: Starting ProtocolHandler ["http-bio-8080"]
Apr 12, 2017 1:15:56 PM org.apache.catalina.startup.Catalina start
INFORMATION: Server startup in 25 ms
Apr 12, 2017 1:16:56 PM org.apache.catalina.core.StandardServer await
INFORMATION: A valid shutdown command was received via the shutdown port. Stopping the Server instance.
Apr 12, 2017 1:16:56 PM org.apache.coyote.AbstractProtocol pause
INFORMATION: Pausing ProtocolHandler ["http-bio-8080"]
Apr 12, 2017 1:16:56 PM org.apache.catalina.core.StandardService stopInternal
INFORMATION: Stopping service Catalina
Apr 12, 2017 1:16:56 PM org.apache.coyote.AbstractProtocol stop
INFORMATION: Stopping ProtocolHandler ["http-bio-8080"]
Apr 12, 2017 1:16:56 PM org.apache.coyote.AbstractProtocol destroy
INFORMATION: Destroying ProtocolHandler ["http-bio-8080"]
Apr 12, 2017 1:31:42 PM org.apache.catalina.startup.ClassLoaderFactory validateFile
WARNUNG: Problem with directory [/usr/share/tomcat7/common/classes], exists: [false], isDirectory: [false], canRead: [false]
Apr 12, 2017 1:31:42 PM org.apache.catalina.startup.ClassLoaderFactory validateFile
WARNUNG: Problem with directory [/usr/share/tomcat7/common], exists: [false], isDirectory: [false], canRead: [false]
Apr 12, 2017 1:31:42 PM org.apache.catalina.startup.ClassLoaderFactory validateFile
WARNUNG: Problem with directory [/usr/share/tomcat7/server/classes], exists: [false], isDirectory: [false], canRead: [false]
Apr 12, 2017 1:31:42 PM org.apache.catalina.startup.ClassLoaderFactory validateFile
WARNUNG: Problem with directory [/usr/share/tomcat7/server], exists: [false], isDirectory: [false], canRead: [false]
Apr 12, 2017 1:31:42 PM org.apache.catalina.startup.ClassLoaderFactory validateFile
WARNUNG: Problem with directory [/usr/share/tomcat7/shared/classes], exists: [false], isDirectory: [false], canRead: [false]
Apr 12, 2017 1:31:42 PM org.apache.catalina.startup.ClassLoaderFactory validateFile
WARNUNG: Problem with directory [/usr/share/tomcat7/shared], exists: [false], isDirectory: [false], canRead: [false]
Apr 12, 2017 1:31:42 PM org.apache.catalina.startup.VersionLoggerListener log
INFORMATION: Server version:        Apache Tomcat/7.0.68 (Ubuntu)
Apr 12, 2017 1:31:42 PM org.apache.catalina.startup.VersionLoggerListener log
INFORMATION: Server built:          Jun 27 2016 18:13:17 UTC
Apr 12, 2017 1:31:42 PM org.apache.catalina.startup.VersionLoggerListener log
INFORMATION: Server number:         7.0.68.0
Apr 12, 2017 1:31:42 PM org.apache.catalina.startup.VersionLoggerListener log
INFORMATION: OS Name:               Linux
Apr 12, 2017 1:31:42 PM org.apache.catalina.startup.VersionLoggerListener log
INFORMATION: OS Version:            4.4.0-72-generic
Apr 12, 2017 1:31:42 PM org.apache.catalina.startup.VersionLoggerListener log
INFORMATION: Architecture:          amd64
Apr 12, 2017 1:31:42 PM org.apache.catalina.startup.VersionLoggerListener log
INFORMATION: Java Home:             /usr/lib/jvm/java-8-oracle/jre
Apr 12, 2017 1:31:42 PM org.apache.catalina.startup.VersionLoggerListener log
INFORMATION: JVM Version:           1.8.0_121-b13
Apr 12, 2017 1:31:42 PM org.apache.catalina.startup.VersionLoggerListener log
INFORMATION: JVM Vendor:            Oracle Corporation
Apr 12, 2017 1:31:42 PM org.apache.catalina.startup.VersionLoggerListener log
INFORMATION: CATALINA_BASE:         /home/05/46803/Dokumente/kbe/uebung1
Apr 12, 2017 1:31:42 PM org.apache.catalina.startup.VersionLoggerListener log
INFORMATION: CATALINA_HOME:         /usr/share/tomcat7
Apr 12, 2017 1:31:42 PM org.apache.catalina.startup.VersionLoggerListener log
INFORMATION: Command line argument: -Djava.util.logging.config.file=/home/05/46803/Dokumente/kbe/uebung1/conf/logging.properties
Apr 12, 2017 1:31:42 PM org.apache.catalina.startup.VersionLoggerListener log
INFORMATION: Command line argument: -Djava.util.logging.manager=org.apache.juli.ClassLoaderLogManager
Apr 12, 2017 1:31:42 PM org.apache.catalina.startup.VersionLoggerListener log
INFORMATION: Command line argument: -Djava.awt.headless=true
Apr 12, 2017 1:31:42 PM org.apache.catalina.startup.VersionLoggerListener log
INFORMATION: Command line argument: -Xmx128M
Apr 12, 2017 1:31:42 PM org.apache.catalina.startup.VersionLoggerListener log
INFORMATION: Command line argument: -Djava.endorsed.dirs=/usr/share/tomcat7/endorsed
Apr 12, 2017 1:31:42 PM org.apache.catalina.startup.VersionLoggerListener log
INFORMATION: Command line argument: -Dcatalina.base=/home/05/46803/Dokumente/kbe/uebung1
Apr 12, 2017 1:31:42 PM org.apache.catalina.startup.VersionLoggerListener log
INFORMATION: Command line argument: -Dcatalina.home=/usr/share/tomcat7
Apr 12, 2017 1:31:42 PM org.apache.catalina.startup.VersionLoggerListener log
INFORMATION: Command line argument: -Djava.io.tmpdir=/home/05/46803/Dokumente/kbe/uebung1/temp
Apr 12, 2017 1:31:42 PM org.apache.coyote.AbstractProtocol init
INFORMATION: Initializing ProtocolHandler ["http-bio-8080"]
Apr 12, 2017 1:31:42 PM org.apache.catalina.startup.Catalina load
INFORMATION: Initialization processed in 267 ms
Apr 12, 2017 1:31:42 PM org.apache.catalina.core.StandardService startInternal
INFORMATION: Starting service Catalina
Apr 12, 2017 1:31:42 PM org.apache.catalina.core.StandardEngine startInternal
INFORMATION: Starting Servlet Engine: Apache Tomcat/7.0.68 (Ubuntu)
Apr 12, 2017 1:31:42 PM org.apache.coyote.AbstractProtocol start
INFORMATION: Starting ProtocolHandler ["http-bio-8080"]
Apr 12, 2017 1:31:42 PM org.apache.catalina.startup.Catalina start
INFORMATION: Server startup in 21 ms
Apr 12, 2017 1:32:36 PM org.apache.catalina.core.StandardServer await
INFORMATION: A valid shutdown command was received via the shutdown port. Stopping the Server instance.
Apr 12, 2017 1:32:36 PM org.apache.coyote.AbstractProtocol pause
INFORMATION: Pausing ProtocolHandler ["http-bio-8080"]
Apr 12, 2017 1:32:36 PM org.apache.catalina.core.StandardService stopInternal
INFORMATION: Stopping service Catalina
Apr 12, 2017 1:32:36 PM org.apache.coyote.AbstractProtocol stop
INFORMATION: Stopping ProtocolHandler ["http-bio-8080"]
Apr 12, 2017 1:32:36 PM org.apache.coyote.AbstractProtocol destroy
INFORMATION: Destroying ProtocolHandler ["http-bio-8080"]
Apr 19, 2017 12:19:57 PM org.apache.catalina.startup.ClassLoaderFactory validateFile
WARNUNG: Problem with directory [/usr/share/tomcat7/common/classes], exists: [false], isDirectory: [false], canRead: [false]
Apr 19, 2017 12:19:57 PM org.apache.catalina.startup.ClassLoaderFactory validateFile
WARNUNG: Problem with directory [/usr/share/tomcat7/common], exists: [false], isDirectory: [false], canRead: [false]
Apr 19, 2017 12:19:57 PM org.apache.catalina.startup.ClassLoaderFactory validateFile
WARNUNG: Problem with directory [/usr/share/tomcat7/server/classes], exists: [false], isDirectory: [false], canRead: [false]
Apr 19, 2017 12:19:57 PM org.apache.catalina.startup.ClassLoaderFactory validateFile
WARNUNG: Problem with directory [/usr/share/tomcat7/server], exists: [false], isDirectory: [false], canRead: [false]
Apr 19, 2017 12:19:57 PM org.apache.catalina.startup.ClassLoaderFactory validateFile
WARNUNG: Problem with directory [/usr/share/tomcat7/shared/classes], exists: [false], isDirectory: [false], canRead: [false]
Apr 19, 2017 12:19:57 PM org.apache.catalina.startup.ClassLoaderFactory validateFile
WARNUNG: Problem with directory [/usr/share/tomcat7/shared], exists: [false], isDirectory: [false], canRead: [false]
Apr 19, 2017 12:19:57 PM org.apache.catalina.startup.VersionLoggerListener log
INFORMATION: Server version:        Apache Tomcat/7.0.68 (Ubuntu)
Apr 19, 2017 12:19:57 PM org.apache.catalina.startup.VersionLoggerListener log
INFORMATION: Server built:          Jun 27 2016 18:13:17 UTC
Apr 19, 2017 12:19:57 PM org.apache.catalina.startup.VersionLoggerListener log
INFORMATION: Server number:         7.0.68.0
Apr 19, 2017 12:19:57 PM org.apache.catalina.startup.VersionLoggerListener log
INFORMATION: OS Name:               Linux
Apr 19, 2017 12:19:57 PM org.apache.catalina.startup.VersionLoggerListener log
INFORMATION: OS Version:            4.4.0-72-generic
Apr 19, 2017 12:19:57 PM org.apache.catalina.startup.VersionLoggerListener log
INFORMATION: Architecture:          amd64
Apr 19, 2017 12:19:57 PM org.apache.catalina.startup.VersionLoggerListener log
INFORMATION: Java Home:             /usr/lib/jvm/java-8-oracle/jre
Apr 19, 2017 12:19:57 PM org.apache.catalina.startup.VersionLoggerListener log
INFORMATION: JVM Version:           1.8.0_121-b13
Apr 19, 2017 12:19:57 PM org.apache.catalina.startup.VersionLoggerListener log
INFORMATION: JVM Vendor:            Oracle Corporation
Apr 19, 2017 12:19:57 PM org.apache.catalina.startup.VersionLoggerListener log
INFORMATION: CATALINA_BASE:         /home/05/46803/Dokumente/kbe/uebung1
Apr 19, 2017 12:19:57 PM org.apache.catalina.startup.VersionLoggerListener log
INFORMATION: CATALINA_HOME:         /usr/share/tomcat7
Apr 19, 2017 12:19:57 PM org.apache.catalina.startup.VersionLoggerListener log
INFORMATION: Command line argument: -Djava.util.logging.config.file=/home/05/46803/Dokumente/kbe/uebung1/conf/logging.properties
Apr 19, 2017 12:19:57 PM org.apache.catalina.startup.VersionLoggerListener log
INFORMATION: Command line argument: -Djava.util.logging.manager=org.apache.juli.ClassLoaderLogManager
Apr 19, 2017 12:19:57 PM org.apache.catalina.startup.VersionLoggerListener log
INFORMATION: Command line argument: -Djava.awt.headless=true
Apr 19, 2017 12:19:57 PM org.apache.catalina.startup.VersionLoggerListener log
INFORMATION: Command line argument: -Xmx128M
Apr 19, 2017 12:19:57 PM org.apache.catalina.startup.VersionLoggerListener log
INFORMATION: Command line argument: -Djava.endorsed.dirs=/usr/share/tomcat7/endorsed
Apr 19, 2017 12:19:57 PM org.apache.catalina.startup.VersionLoggerListener log
INFORMATION: Command line argument: -Dcatalina.base=/home/05/46803/Dokumente/kbe/uebung1
Apr 19, 2017 12:19:57 PM org.apache.catalina.startup.VersionLoggerListener log
INFORMATION: Command line argument: -Dcatalina.home=/usr/share/tomcat7
Apr 19, 2017 12:19:57 PM org.apache.catalina.startup.VersionLoggerListener log
INFORMATION: Command line argument: -Djava.io.tmpdir=/home/05/46803/Dokumente/kbe/uebung1/temp
Apr 19, 2017 12:19:58 PM org.apache.coyote.AbstractProtocol init
INFORMATION: Initializing ProtocolHandler ["http-bio-8080"]
Apr 19, 2017 12:19:58 PM org.apache.catalina.startup.Catalina load
INFORMATION: Initialization processed in 348 ms
Apr 19, 2017 12:19:58 PM org.apache.catalina.core.StandardService startInternal
INFORMATION: Starting service Catalina
Apr 19, 2017 12:19:58 PM org.apache.catalina.core.StandardEngine startInternal
INFORMATION: Starting Servlet Engine: Apache Tomcat/7.0.68 (Ubuntu)
Apr 19, 2017 12:19:58 PM org.apache.coyote.AbstractProtocol start
INFORMATION: Starting ProtocolHandler ["http-bio-8080"]
Apr 19, 2017 12:19:58 PM org.apache.catalina.startup.Catalina start
INFORMATION: Server startup in 38 ms
Apr 19, 2017 12:29:03 PM org.apache.catalina.core.StandardServer await
INFORMATION: A valid shutdown command was received via the shutdown port. Stopping the Server instance.
Apr 19, 2017 12:29:03 PM org.apache.coyote.AbstractProtocol pause
INFORMATION: Pausing ProtocolHandler ["http-bio-8080"]
Apr 19, 2017 12:29:03 PM org.apache.catalina.core.StandardService stopInternal
INFORMATION: Stopping service Catalina
Apr 19, 2017 12:29:03 PM org.apache.coyote.AbstractProtocol stop
INFORMATION: Stopping ProtocolHandler ["http-bio-8080"]
Apr 19, 2017 12:29:03 PM org.apache.coyote.AbstractProtocol destroy
INFORMATION: Destroying ProtocolHandler ["http-bio-8080"]
